<?xml version="1.0" encoding="UTF-8" ?>
<testsuite 
errors="0" failures="0" hostname="MacBook-Pro-7.local" name="karthik.proj.NReduceEngineSpec" tests="9" time="30.416" timestamp="2017-06-09T05:22:14">
  <properties>
[...]
</properties>
  <testcase 
  name="NReduceEngine should execute simple string constant expression" classname="karthik.proj.NReduceEngineSpec" time="0.142">
</testcase>
  <testcase 
  name="NReduceEngine should execute simple numeric constant expression" classname="karthik.proj.NReduceEngineSpec" time="0.011">
</testcase>
  <testcase 
  name="NReduceEngine should execute simple cons expression" classname="karthik.proj.NReduceEngineSpec" time="0.01">
</testcase>
  <testcase 
  name="NReduceEngine should execute simple apply expression" classname="karthik.proj.NReduceEngineSpec" time="0.005">
</testcase>
  <testcase 
  name="NReduceEngine should execute simple lambda expression" classname="karthik.proj.NReduceEngineSpec" time="0.007">
</testcase>
  <testcase 
  name="NReduceEngine should execute simple call by value redex" classname="karthik.proj.NReduceEngineSpec" time="0.01">
</testcase>
  <testcase 
  name="NReduceEngine should execute connect function call" classname="karthik.proj.NReduceEngineSpec" time="3.045">
</testcase>
  <testcase 
  name="NReduceEngine should execute multiple statement connect function call" classname="karthik.proj.NReduceEngineSpec" time="3.02">
</testcase>
  <testcase 
  name="NReduceEngine should execute complex connect function call" classname="karthik.proj.NReduceEngineSpec" time="24.13">
</testcase>
  <system-out><![CDATA[]]></system-out>
  <system-err><![CDATA[]]></system-err>
</testsuite>
